{"/Users/accmi/Desktop/projects/nodejs-homework/app/config/database.ts": {"path":"/Users/accmi/Desktop/projects/nodejs-homework/app/config/database.ts","statementMap":{"0":{"start":{"line":1,"column":0},"end":{"line":1,"column":53}},"1":{"start":{"line":3,"column":21},"end":{"line":3,"column":47}},"2":{"start":{"line":4,"column":21},"end":{"line":4,"column":52}},"3":{"start":{"line":5,"column":25},"end":{"line":5,"column":60}},"4":{"start":{"line":6,"column":21},"end":{"line":6,"column":62}},"5":{"start":{"line":7,"column":21},"end":{"line":7,"column":61}},"6":{"start":{"line":9,"column":13},"end":{"line":18,"column":2}}},"fnMap":{},"branchMap":{"0":{"loc":{"start":{"line":3,"column":21},"end":{"line":3,"column":41}},"type":"binary-expr","locations":[{"start":{"line":3,"column":21},"end":{"line":3,"column":41}},{"start":{"line":3,"column":45},"end":{"line":3,"column":47}}]},"1":{"loc":{"start":{"line":4,"column":21},"end":{"line":4,"column":46}},"type":"binary-expr","locations":[{"start":{"line":4,"column":21},"end":{"line":4,"column":46}},{"start":{"line":4,"column":50},"end":{"line":4,"column":52}}]},"2":{"loc":{"start":{"line":5,"column":25},"end":{"line":5,"column":54}},"type":"binary-expr","locations":[{"start":{"line":5,"column":25},"end":{"line":5,"column":54}},{"start":{"line":5,"column":58},"end":{"line":5,"column":60}}]},"3":{"loc":{"start":{"line":6,"column":21},"end":{"line":6,"column":54}},"type":"binary-expr","locations":[{"start":{"line":6,"column":21},"end":{"line":6,"column":54}},{"start":{"line":6,"column":58},"end":{"line":6,"column":62}}]},"4":{"loc":{"start":{"line":7,"column":21},"end":{"line":7,"column":46}},"type":"binary-expr","locations":[{"start":{"line":7,"column":21},"end":{"line":7,"column":46}},{"start":{"line":7,"column":50},"end":{"line":7,"column":61}}]}},"s":{"0":1,"1":1,"2":1,"3":1,"4":1,"5":1,"6":1},"f":{},"b":{"0":[1,1],"1":[1,1],"2":[1,1],"3":[1,1],"4":[1,1]}}
,"/Users/accmi/Desktop/projects/nodejs-homework/app/models/Group.ts": {"path":"/Users/accmi/Desktop/projects/nodejs-homework/app/models/Group.ts","statementMap":{"0":{"start":{"line":1,"column":0},"end":{"line":1,"column":69}},"1":{"start":{"line":2,"column":0},"end":{"line":2,"column":44}},"2":{"start":{"line":3,"column":0},"end":{"line":3,"column":40}},"3":{"start":{"line":5,"column":26},"end":{"line":5,"column":53}},"4":{"start":{"line":7,"column":0},"end":{"line":7,"column":13}},"5":{"start":{"line":9,"column":0},"end":{"line":31,"column":3}}},"fnMap":{},"branchMap":{},"s":{"0":1,"1":1,"2":1,"3":1,"4":1,"5":1},"f":{},"b":{}}
,"/Users/accmi/Desktop/projects/nodejs-homework/app/models/UserGroup.ts": {"path":"/Users/accmi/Desktop/projects/nodejs-homework/app/models/UserGroup.ts","statementMap":{"0":{"start":{"line":1,"column":0},"end":{"line":1,"column":63}},"1":{"start":{"line":2,"column":0},"end":{"line":2,"column":40}},"2":{"start":{"line":3,"column":0},"end":{"line":3,"column":35}},"3":{"start":{"line":4,"column":0},"end":{"line":4,"column":37}},"4":{"start":{"line":6,"column":0},"end":{"line":6,"column":13}},"5":{"start":{"line":8,"column":0},"end":{"line":32,"column":3}}},"fnMap":{},"branchMap":{},"s":{"0":1,"1":1,"2":1,"3":1,"4":1,"5":1},"f":{},"b":{}}
,"/Users/accmi/Desktop/projects/nodejs-homework/app/models/index.ts": {"path":"/Users/accmi/Desktop/projects/nodejs-homework/app/models/index.ts","statementMap":{"0":{"start":{"line":1,"column":0},"end":{"line":1,"column":24}},"1":{"start":{"line":2,"column":0},"end":{"line":2,"column":23}},"2":{"start":{"line":3,"column":0},"end":{"line":3,"column":28}}},"fnMap":{},"branchMap":{},"s":{"0":1,"1":1,"2":1},"f":{},"b":{}}
,"/Users/accmi/Desktop/projects/nodejs-homework/app/services/Group.ts": {"path":"/Users/accmi/Desktop/projects/nodejs-homework/app/services/Group.ts","statementMap":{"0":{"start":{"line":1,"column":0},"end":{"line":1,"column":50}},"1":{"start":{"line":2,"column":0},"end":{"line":2,"column":44}},"2":{"start":{"line":6,"column":23},"end":{"line":6,"column":47}},"3":{"start":{"line":9,"column":13},"end":{"line":38,"column":2}},"4":{"start":{"line":10,"column":34},"end":{"line":10,"column":39}},"5":{"start":{"line":12,"column":4},"end":{"line":32,"column":null}},"6":{"start":{"line":13,"column":8},"end":{"line":31,"column":null}},"7":{"start":{"line":14,"column":37},"end":{"line":14,"column":118}},"8":{"start":{"line":16,"column":12},"end":{"line":21,"column":null}},"9":{"start":{"line":17,"column":16},"end":{"line":20,"column":null}},"10":{"start":{"line":23,"column":12},"end":{"line":25,"column":14}},"11":{"start":{"line":27,"column":12},"end":{"line":30,"column":14}},"12":{"start":{"line":34,"column":4},"end":{"line":37,"column":6}},"13":{"start":{"line":41,"column":13},"end":{"line":73,"column":2}},"14":{"start":{"line":42,"column":38},"end":{"line":42,"column":43}},"15":{"start":{"line":43,"column":4},"end":{"line":67,"column":null}},"16":{"start":{"line":44,"column":8},"end":{"line":66,"column":null}},"17":{"start":{"line":45,"column":38},"end":{"line":47,"column":null}},"18":{"start":{"line":50,"column":12},"end":{"line":54,"column":null}},"19":{"start":{"line":51,"column":16},"end":{"line":53,"column":null}},"20":{"start":{"line":56,"column":12},"end":{"line":59,"column":null}},"21":{"start":{"line":62,"column":12},"end":{"line":65,"column":14}},"22":{"start":{"line":69,"column":4},"end":{"line":72,"column":null}},"23":{"start":{"line":75,"column":13},"end":{"line":96,"column":null}},"24":{"start":{"line":76,"column":4},"end":{"line":95,"column":null}},"25":{"start":{"line":77,"column":29},"end":{"line":78,"column":null}},"26":{"start":{"line":80,"column":8},"end":{"line":84,"column":null}},"27":{"start":{"line":81,"column":12},"end":{"line":83,"column":null}},"28":{"start":{"line":86,"column":8},"end":{"line":89,"column":null}},"29":{"start":{"line":91,"column":8},"end":{"line":94,"column":10}},"30":{"start":{"line":98,"column":13},"end":{"line":118,"column":2}},"31":{"start":{"line":99,"column":4},"end":{"line":117,"column":null}},"32":{"start":{"line":100,"column":22},"end":{"line":100,"column":63}},"33":{"start":{"line":101,"column":8},"end":{"line":106,"column":null}},"34":{"start":{"line":102,"column":12},"end":{"line":105,"column":14}},"35":{"start":{"line":108,"column":8},"end":{"line":111,"column":10}},"36":{"start":{"line":113,"column":8},"end":{"line":116,"column":10}},"37":{"start":{"line":120,"column":13},"end":{"line":146,"column":2}},"38":{"start":{"line":121,"column":4},"end":{"line":145,"column":null}},"39":{"start":{"line":122,"column":23},"end":{"line":127,"column":10}},"40":{"start":{"line":129,"column":8},"end":{"line":134,"column":null}},"41":{"start":{"line":130,"column":12},"end":{"line":133,"column":null}},"42":{"start":{"line":136,"column":8},"end":{"line":139,"column":null}},"43":{"start":{"line":141,"column":8},"end":{"line":144,"column":10}}},"fnMap":{"0":{"name":"(anonymous_0)","decl":{"start":{"line":9,"column":27},"end":{"line":9,"column":32}},"loc":{"start":{"line":9,"column":83},"end":{"line":38,"column":1}}},"1":{"name":"(anonymous_1)","decl":{"start":{"line":41,"column":27},"end":{"line":41,"column":32}},"loc":{"start":{"line":41,"column":83},"end":{"line":73,"column":1}}},"2":{"name":"(anonymous_2)","decl":{"start":{"line":75,"column":27},"end":{"line":75,"column":32}},"loc":{"start":{"line":75,"column":77},"end":{"line":96,"column":1}}},"3":{"name":"(anonymous_3)","decl":{"start":{"line":98,"column":28},"end":{"line":98,"column":33}},"loc":{"start":{"line":98,"column":74},"end":{"line":118,"column":1}}},"4":{"name":"(anonymous_4)","decl":{"start":{"line":120,"column":25},"end":{"line":120,"column":30}},"loc":{"start":{"line":120,"column":62},"end":{"line":146,"column":1}}}},"branchMap":{"0":{"loc":{"start":{"line":12,"column":4},"end":{"line":32,"column":null}},"type":"if","locations":[{"start":{"line":12,"column":4},"end":{"line":32,"column":null}},{"start":{"line":12,"column":4},"end":{"line":32,"column":null}}]},"1":{"loc":{"start":{"line":12,"column":8},"end":{"line":12,"column":12}},"type":"binary-expr","locations":[{"start":{"line":12,"column":8},"end":{"line":12,"column":12}},{"start":{"line":12,"column":16},"end":{"line":12,"column":27}}]},"2":{"loc":{"start":{"line":16,"column":12},"end":{"line":21,"column":null}},"type":"if","locations":[{"start":{"line":16,"column":12},"end":{"line":21,"column":null}},{"start":{"line":16,"column":12},"end":{"line":21,"column":null}}]},"3":{"loc":{"start":{"line":43,"column":4},"end":{"line":67,"column":null}},"type":"if","locations":[{"start":{"line":43,"column":4},"end":{"line":67,"column":null}},{"start":{"line":43,"column":4},"end":{"line":67,"column":null}}]},"4":{"loc":{"start":{"line":43,"column":8},"end":{"line":43,"column":10}},"type":"binary-expr","locations":[{"start":{"line":43,"column":8},"end":{"line":43,"column":10}},{"start":{"line":43,"column":14},"end":{"line":43,"column":18}},{"start":{"line":43,"column":22},"end":{"line":43,"column":33}}]},"5":{"loc":{"start":{"line":50,"column":12},"end":{"line":54,"column":null}},"type":"if","locations":[{"start":{"line":50,"column":12},"end":{"line":54,"column":null}},{"start":{"line":50,"column":12},"end":{"line":54,"column":null}}]},"6":{"loc":{"start":{"line":80,"column":8},"end":{"line":84,"column":null}},"type":"if","locations":[{"start":{"line":80,"column":8},"end":{"line":84,"column":null}},{"start":{"line":80,"column":8},"end":{"line":84,"column":null}}]},"7":{"loc":{"start":{"line":101,"column":8},"end":{"line":106,"column":null}},"type":"if","locations":[{"start":{"line":101,"column":8},"end":{"line":106,"column":null}},{"start":{"line":101,"column":8},"end":{"line":106,"column":null}}]},"8":{"loc":{"start":{"line":129,"column":8},"end":{"line":134,"column":null}},"type":"if","locations":[{"start":{"line":129,"column":8},"end":{"line":134,"column":null}},{"start":{"line":129,"column":8},"end":{"line":134,"column":null}}]}},"s":{"0":1,"1":1,"2":1,"3":1,"4":0,"5":0,"6":0,"7":0,"8":0,"9":0,"10":0,"11":0,"12":0,"13":1,"14":0,"15":0,"16":0,"17":0,"18":0,"19":0,"20":0,"21":0,"22":0,"23":1,"24":0,"25":0,"26":0,"27":0,"28":0,"29":0,"30":1,"31":0,"32":0,"33":0,"34":0,"35":0,"36":0,"37":1,"38":0,"39":0,"40":0,"41":0,"42":0,"43":0},"f":{"0":0,"1":0,"2":0,"3":0,"4":0},"b":{"0":[0,0],"1":[0,0],"2":[0,0],"3":[0,0],"4":[0,0,0],"5":[0,0],"6":[0,0],"7":[0,0],"8":[0,0]}}
,"/Users/accmi/Desktop/projects/nodejs-homework/app/services/User.ts": {"path":"/Users/accmi/Desktop/projects/nodejs-homework/app/services/User.ts","statementMap":{"0":{"start":{"line":1,"column":0},"end":{"line":1,"column":50}},"1":{"start":{"line":2,"column":0},"end":{"line":2,"column":42}},"2":{"start":{"line":3,"column":0},"end":{"line":3,"column":31}},"3":{"start":{"line":5,"column":0},"end":{"line":5,"column":50}},"4":{"start":{"line":8,"column":23},"end":{"line":8,"column":46}},"5":{"start":{"line":12,"column":13},"end":{"line":39,"column":null}},"6":{"start":{"line":13,"column":22},"end":{"line":13,"column":26}},"7":{"start":{"line":15,"column":4},"end":{"line":33,"column":null}},"8":{"start":{"line":16,"column":24},"end":{"line":16,"column":77}},"9":{"start":{"line":18,"column":8},"end":{"line":27,"column":10}},"10":{"start":{"line":19,"column":26},"end":{"line":19,"column":56}},"11":{"start":{"line":21,"column":12},"end":{"line":26,"column":null}},"12":{"start":{"line":29,"column":8},"end":{"line":32,"column":null}},"13":{"start":{"line":35,"column":4},"end":{"line":38,"column":6}},"14":{"start":{"line":41,"column":13},"end":{"line":78,"column":null}},"15":{"start":{"line":42,"column":32},"end":{"line":42,"column":36}},"16":{"start":{"line":44,"column":4},"end":{"line":72,"column":null}},"17":{"start":{"line":45,"column":8},"end":{"line":71,"column":null}},"18":{"start":{"line":46,"column":25},"end":{"line":52,"column":18}},"19":{"start":{"line":53,"column":12},"end":{"line":60,"column":null}},"20":{"start":{"line":54,"column":31},"end":{"line":54,"column":78}},"21":{"start":{"line":56,"column":16},"end":{"line":59,"column":18}},"22":{"start":{"line":62,"column":12},"end":{"line":65,"column":14}},"23":{"start":{"line":67,"column":12},"end":{"line":70,"column":14}},"24":{"start":{"line":74,"column":4},"end":{"line":77,"column":6}},"25":{"start":{"line":80,"column":13},"end":{"line":109,"column":2}},"26":{"start":{"line":81,"column":37},"end":{"line":81,"column":41}},"27":{"start":{"line":83,"column":4},"end":{"line":103,"column":null}},"28":{"start":{"line":84,"column":8},"end":{"line":102,"column":null}},"29":{"start":{"line":85,"column":36},"end":{"line":85,"column":113}},"30":{"start":{"line":87,"column":12},"end":{"line":92,"column":null}},"31":{"start":{"line":88,"column":16},"end":{"line":91,"column":null}},"32":{"start":{"line":94,"column":12},"end":{"line":96,"column":14}},"33":{"start":{"line":98,"column":12},"end":{"line":101,"column":14}},"34":{"start":{"line":105,"column":4},"end":{"line":108,"column":6}},"35":{"start":{"line":112,"column":13},"end":{"line":144,"column":2}},"36":{"start":{"line":113,"column":41},"end":{"line":113,"column":45}},"37":{"start":{"line":114,"column":4},"end":{"line":138,"column":null}},"38":{"start":{"line":115,"column":8},"end":{"line":137,"column":null}},"39":{"start":{"line":116,"column":38},"end":{"line":118,"column":null}},"40":{"start":{"line":121,"column":12},"end":{"line":125,"column":null}},"41":{"start":{"line":122,"column":16},"end":{"line":124,"column":null}},"42":{"start":{"line":127,"column":12},"end":{"line":130,"column":null}},"43":{"start":{"line":133,"column":12},"end":{"line":136,"column":14}},"44":{"start":{"line":140,"column":4},"end":{"line":143,"column":null}},"45":{"start":{"line":146,"column":13},"end":{"line":168,"column":null}},"46":{"start":{"line":147,"column":4},"end":{"line":167,"column":null}},"47":{"start":{"line":148,"column":28},"end":{"line":150,"column":null}},"48":{"start":{"line":152,"column":8},"end":{"line":156,"column":null}},"49":{"start":{"line":153,"column":12},"end":{"line":155,"column":null}},"50":{"start":{"line":158,"column":8},"end":{"line":161,"column":null}},"51":{"start":{"line":163,"column":8},"end":{"line":166,"column":10}},"52":{"start":{"line":170,"column":13},"end":{"line":194,"column":2}},"53":{"start":{"line":171,"column":4},"end":{"line":193,"column":null}},"54":{"start":{"line":172,"column":21},"end":{"line":176,"column":14}},"55":{"start":{"line":177,"column":8},"end":{"line":182,"column":null}},"56":{"start":{"line":178,"column":12},"end":{"line":181,"column":14}},"57":{"start":{"line":184,"column":8},"end":{"line":187,"column":10}},"58":{"start":{"line":189,"column":8},"end":{"line":192,"column":10}},"59":{"start":{"line":196,"column":13},"end":{"line":232,"column":2}},"60":{"start":{"line":197,"column":4},"end":{"line":231,"column":null}},"61":{"start":{"line":198,"column":22},"end":{"line":213,"column":10}},"62":{"start":{"line":215,"column":8},"end":{"line":220,"column":null}},"63":{"start":{"line":216,"column":12},"end":{"line":219,"column":null}},"64":{"start":{"line":222,"column":8},"end":{"line":225,"column":null}},"65":{"start":{"line":227,"column":8},"end":{"line":230,"column":10}}},"fnMap":{"0":{"name":"(anonymous_0)","decl":{"start":{"line":12,"column":24},"end":{"line":12,"column":29}},"loc":{"start":{"line":12,"column":99},"end":{"line":39,"column":1}}},"1":{"name":"(anonymous_1)","decl":{"start":{"line":41,"column":25},"end":{"line":41,"column":30}},"loc":{"start":{"line":41,"column":78},"end":{"line":78,"column":1}}},"2":{"name":"(anonymous_2)","decl":{"start":{"line":80,"column":26},"end":{"line":80,"column":31}},"loc":{"start":{"line":80,"column":79},"end":{"line":109,"column":1}}},"3":{"name":"(anonymous_3)","decl":{"start":{"line":112,"column":26},"end":{"line":112,"column":31}},"loc":{"start":{"line":112,"column":79},"end":{"line":144,"column":1}}},"4":{"name":"(anonymous_4)","decl":{"start":{"line":146,"column":26},"end":{"line":146,"column":31}},"loc":{"start":{"line":146,"column":75},"end":{"line":168,"column":1}}},"5":{"name":"(anonymous_5)","decl":{"start":{"line":170,"column":27},"end":{"line":170,"column":32}},"loc":{"start":{"line":170,"column":72},"end":{"line":194,"column":1}}},"6":{"name":"(anonymous_6)","decl":{"start":{"line":196,"column":24},"end":{"line":196,"column":29}},"loc":{"start":{"line":196,"column":97},"end":{"line":232,"column":1}}}},"branchMap":{"0":{"loc":{"start":{"line":15,"column":4},"end":{"line":33,"column":null}},"type":"if","locations":[{"start":{"line":15,"column":4},"end":{"line":33,"column":null}},{"start":{"line":15,"column":4},"end":{"line":33,"column":null}}]},"1":{"loc":{"start":{"line":18,"column":8},"end":{"line":27,"column":10}},"type":"if","locations":[{"start":{"line":18,"column":8},"end":{"line":27,"column":10}},{"start":{"line":18,"column":8},"end":{"line":27,"column":10}}]},"2":{"loc":{"start":{"line":44,"column":4},"end":{"line":72,"column":null}},"type":"if","locations":[{"start":{"line":44,"column":4},"end":{"line":72,"column":null}},{"start":{"line":44,"column":4},"end":{"line":72,"column":null}}]},"3":{"loc":{"start":{"line":44,"column":8},"end":{"line":44,"column":13}},"type":"binary-expr","locations":[{"start":{"line":44,"column":8},"end":{"line":44,"column":13}},{"start":{"line":44,"column":17},"end":{"line":44,"column":25}}]},"4":{"loc":{"start":{"line":53,"column":12},"end":{"line":60,"column":null}},"type":"if","locations":[{"start":{"line":53,"column":12},"end":{"line":60,"column":null}},{"start":{"line":53,"column":12},"end":{"line":60,"column":null}}]},"5":{"loc":{"start":{"line":83,"column":4},"end":{"line":103,"column":null}},"type":"if","locations":[{"start":{"line":83,"column":4},"end":{"line":103,"column":null}},{"start":{"line":83,"column":4},"end":{"line":103,"column":null}}]},"6":{"loc":{"start":{"line":83,"column":8},"end":{"line":83,"column":13}},"type":"binary-expr","locations":[{"start":{"line":83,"column":8},"end":{"line":83,"column":13}},{"start":{"line":83,"column":17},"end":{"line":83,"column":25}},{"start":{"line":83,"column":29},"end":{"line":83,"column":32}}]},"7":{"loc":{"start":{"line":87,"column":12},"end":{"line":92,"column":null}},"type":"if","locations":[{"start":{"line":87,"column":12},"end":{"line":92,"column":null}},{"start":{"line":87,"column":12},"end":{"line":92,"column":null}}]},"8":{"loc":{"start":{"line":114,"column":4},"end":{"line":138,"column":null}},"type":"if","locations":[{"start":{"line":114,"column":4},"end":{"line":138,"column":null}},{"start":{"line":114,"column":4},"end":{"line":138,"column":null}}]},"9":{"loc":{"start":{"line":114,"column":8},"end":{"line":114,"column":10}},"type":"binary-expr","locations":[{"start":{"line":114,"column":8},"end":{"line":114,"column":10}},{"start":{"line":114,"column":14},"end":{"line":114,"column":19}},{"start":{"line":114,"column":23},"end":{"line":114,"column":31}},{"start":{"line":114,"column":35},"end":{"line":114,"column":38}}]},"10":{"loc":{"start":{"line":121,"column":12},"end":{"line":125,"column":null}},"type":"if","locations":[{"start":{"line":121,"column":12},"end":{"line":125,"column":null}},{"start":{"line":121,"column":12},"end":{"line":125,"column":null}}]},"11":{"loc":{"start":{"line":152,"column":8},"end":{"line":156,"column":null}},"type":"if","locations":[{"start":{"line":152,"column":8},"end":{"line":156,"column":null}},{"start":{"line":152,"column":8},"end":{"line":156,"column":null}}]},"12":{"loc":{"start":{"line":177,"column":8},"end":{"line":182,"column":null}},"type":"if","locations":[{"start":{"line":177,"column":8},"end":{"line":182,"column":null}},{"start":{"line":177,"column":8},"end":{"line":182,"column":null}}]},"13":{"loc":{"start":{"line":215,"column":8},"end":{"line":220,"column":null}},"type":"if","locations":[{"start":{"line":215,"column":8},"end":{"line":220,"column":null}},{"start":{"line":215,"column":8},"end":{"line":220,"column":null}}]}},"s":{"0":1,"1":1,"2":1,"3":1,"4":1,"5":1,"6":3,"7":3,"8":2,"9":2,"10":1,"11":1,"12":1,"13":1,"14":1,"15":4,"16":4,"17":3,"18":3,"19":2,"20":1,"21":1,"22":1,"23":1,"24":1,"25":1,"26":4,"27":4,"28":3,"29":3,"30":2,"31":1,"32":1,"33":1,"34":1,"35":1,"36":4,"37":4,"38":3,"39":3,"40":2,"41":1,"42":1,"43":1,"44":1,"45":1,"46":3,"47":3,"48":2,"49":1,"50":1,"51":1,"52":1,"53":3,"54":3,"55":2,"56":1,"57":1,"58":1,"59":1,"60":3,"61":3,"62":2,"63":1,"64":1,"65":1},"f":{"0":3,"1":4,"2":4,"3":4,"4":3,"5":3,"6":3},"b":{"0":[2,1],"1":[1,1],"2":[3,1],"3":[4,3],"4":[1,1],"5":[3,1],"6":[4,3,3],"7":[1,1],"8":[3,1],"9":[4,3,3,3],"10":[1,1],"11":[1,1],"12":[1,1],"13":[1,1]}}
,"/Users/accmi/Desktop/projects/nodejs-homework/app/services/UserGroup.ts": {"path":"/Users/accmi/Desktop/projects/nodejs-homework/app/services/UserGroup.ts","statementMap":{"0":{"start":{"line":1,"column":0},"end":{"line":1,"column":52}},"1":{"start":{"line":2,"column":0},"end":{"line":2,"column":42}},"2":{"start":{"line":3,"column":0},"end":{"line":3,"column":40}},"3":{"start":{"line":7,"column":23},"end":{"line":7,"column":51}},"4":{"start":{"line":10,"column":13},"end":{"line":39,"column":2}},"5":{"start":{"line":11,"column":33},"end":{"line":11,"column":39}},"6":{"start":{"line":13,"column":4},"end":{"line":33,"column":null}},"7":{"start":{"line":14,"column":8},"end":{"line":32,"column":null}},"8":{"start":{"line":15,"column":12},"end":{"line":26,"column":null}},"9":{"start":{"line":16,"column":16},"end":{"line":21,"column":null}},"10":{"start":{"line":17,"column":20},"end":{"line":20,"column":40}},"11":{"start":{"line":23,"column":16},"end":{"line":25,"column":18}},"12":{"start":{"line":28,"column":12},"end":{"line":31,"column":14}},"13":{"start":{"line":35,"column":4},"end":{"line":38,"column":6}}},"fnMap":{"0":{"name":"(anonymous_0)","decl":{"start":{"line":10,"column":30},"end":{"line":10,"column":35}},"loc":{"start":{"line":10,"column":100},"end":{"line":39,"column":1}}},"1":{"name":"(anonymous_1)","decl":{"start":{"line":15,"column":40},"end":{"line":15,"column":45}},"loc":{"start":{"line":15,"column":75},"end":{"line":26,"column":13}}},"2":{"name":"(anonymous_2)","decl":{"start":{"line":16,"column":33},"end":{"line":16,"column":38}},"loc":{"start":{"line":16,"column":57},"end":{"line":21,"column":17}}}},"branchMap":{"0":{"loc":{"start":{"line":13,"column":4},"end":{"line":33,"column":null}},"type":"if","locations":[{"start":{"line":13,"column":4},"end":{"line":33,"column":null}},{"start":{"line":13,"column":4},"end":{"line":33,"column":null}}]},"1":{"loc":{"start":{"line":13,"column":8},"end":{"line":13,"column":15}},"type":"binary-expr","locations":[{"start":{"line":13,"column":8},"end":{"line":13,"column":15}},{"start":{"line":13,"column":19},"end":{"line":13,"column":26}}]}},"s":{"0":1,"1":1,"2":1,"3":1,"4":1,"5":0,"6":0,"7":0,"8":0,"9":0,"10":0,"11":0,"12":0,"13":0},"f":{"0":0,"1":0,"2":0},"b":{"0":[0,0],"1":[0,0]}}
,"/Users/accmi/Desktop/projects/nodejs-homework/app/services/index.ts": {"path":"/Users/accmi/Desktop/projects/nodejs-homework/app/services/index.ts","statementMap":{"0":{"start":{"line":1,"column":0},"end":{"line":1,"column":24}},"1":{"start":{"line":2,"column":0},"end":{"line":2,"column":23}},"2":{"start":{"line":3,"column":0},"end":{"line":3,"column":28}}},"fnMap":{},"branchMap":{},"s":{"0":1,"1":1,"2":1},"f":{},"b":{}}
,"/Users/accmi/Desktop/projects/nodejs-homework/app/types/group.ts": {"path":"/Users/accmi/Desktop/projects/nodejs-homework/app/types/group.ts","statementMap":{"0":{"start":{"line":3,"column":0},"end":{"line":3,"column":null}},"1":{"start":{"line":4,"column":4},"end":{"line":4,"column":null}},"2":{"start":{"line":5,"column":8},"end":{"line":5,"column":null}},"3":{"start":{"line":6,"column":8},"end":{"line":6,"column":null}},"4":{"start":{"line":7,"column":8},"end":{"line":7,"column":null}},"5":{"start":{"line":8,"column":8},"end":{"line":8,"column":null}},"6":{"start":{"line":9,"column":8},"end":{"line":9,"column":null}},"7":{"start":{"line":10,"column":8},"end":{"line":10,"column":null}},"8":{"start":{"line":13,"column":4},"end":{"line":13,"column":null}},"9":{"start":{"line":14,"column":8},"end":{"line":14,"column":null}},"10":{"start":{"line":15,"column":8},"end":{"line":15,"column":null}},"11":{"start":{"line":16,"column":8},"end":{"line":16,"column":null}},"12":{"start":{"line":17,"column":8},"end":{"line":17,"column":null}},"13":{"start":{"line":18,"column":8},"end":{"line":18,"column":null}},"14":{"start":{"line":27,"column":4},"end":{"line":27,"column":null}},"15":{"start":{"line":28,"column":8},"end":{"line":28,"column":null}},"16":{"start":{"line":29,"column":8},"end":{"line":29,"column":null}},"17":{"start":{"line":30,"column":8},"end":{"line":30,"column":null}},"18":{"start":{"line":31,"column":8},"end":{"line":31,"column":null}}},"fnMap":{"0":{"name":"(anonymous_0)","decl":{"start":{"line":3,"column":0},"end":{"line":3,"column":17}},"loc":{"start":{"line":3,"column":27},"end":{"line":44,"column":1}}},"1":{"name":"(anonymous_1)","decl":{"start":{"line":4,"column":4},"end":{"line":4,"column":16}},"loc":{"start":{"line":4,"column":27},"end":{"line":11,"column":5}}},"2":{"name":"(anonymous_2)","decl":{"start":{"line":13,"column":4},"end":{"line":13,"column":16}},"loc":{"start":{"line":13,"column":32},"end":{"line":19,"column":5}}},"3":{"name":"(anonymous_3)","decl":{"start":{"line":27,"column":4},"end":{"line":27,"column":16}},"loc":{"start":{"line":27,"column":29},"end":{"line":32,"column":5}}}},"branchMap":{"0":{"loc":{"start":{"line":4,"column":16},"end":{"line":4,"column":27}},"type":"binary-expr","locations":[{"start":{"line":4,"column":16},"end":{"line":4,"column":27}},{"start":{"line":4,"column":16},"end":{"line":4,"column":null}}]},"1":{"loc":{"start":{"line":13,"column":16},"end":{"line":13,"column":32}},"type":"binary-expr","locations":[{"start":{"line":13,"column":16},"end":{"line":13,"column":32}},{"start":{"line":13,"column":16},"end":{"line":13,"column":null}}]},"2":{"loc":{"start":{"line":27,"column":16},"end":{"line":27,"column":29}},"type":"binary-expr","locations":[{"start":{"line":27,"column":16},"end":{"line":27,"column":29}},{"start":{"line":27,"column":16},"end":{"line":27,"column":null}}]},"3":{"loc":{"start":{"line":3,"column":17},"end":{"line":3,"column":27}},"type":"binary-expr","locations":[{"start":{"line":3,"column":17},"end":{"line":3,"column":27}},{"start":{"line":3,"column":17},"end":{"line":3,"column":null}}]}},"s":{"0":1,"1":1,"2":1,"3":1,"4":1,"5":1,"6":1,"7":1,"8":1,"9":1,"10":1,"11":1,"12":1,"13":1,"14":1,"15":1,"16":1,"17":1,"18":1},"f":{"0":1,"1":1,"2":1,"3":1},"b":{"0":[1,1],"1":[1,1],"2":[1,1],"3":[1,1]}}
,"/Users/accmi/Desktop/projects/nodejs-homework/app/types/user.ts": {"path":"/Users/accmi/Desktop/projects/nodejs-homework/app/types/user.ts","statementMap":{"0":{"start":{"line":3,"column":0},"end":{"line":3,"column":null}},"1":{"start":{"line":4,"column":4},"end":{"line":4,"column":null}},"2":{"start":{"line":5,"column":8},"end":{"line":5,"column":null}},"3":{"start":{"line":6,"column":8},"end":{"line":6,"column":null}},"4":{"start":{"line":7,"column":8},"end":{"line":7,"column":null}},"5":{"start":{"line":8,"column":8},"end":{"line":8,"column":null}},"6":{"start":{"line":9,"column":8},"end":{"line":9,"column":null}},"7":{"start":{"line":10,"column":8},"end":{"line":10,"column":null}},"8":{"start":{"line":11,"column":8},"end":{"line":11,"column":null}},"9":{"start":{"line":14,"column":4},"end":{"line":14,"column":null}},"10":{"start":{"line":15,"column":8},"end":{"line":15,"column":null}},"11":{"start":{"line":16,"column":8},"end":{"line":16,"column":null}},"12":{"start":{"line":17,"column":8},"end":{"line":17,"column":null}},"13":{"start":{"line":18,"column":8},"end":{"line":18,"column":null}},"14":{"start":{"line":19,"column":8},"end":{"line":19,"column":null}},"15":{"start":{"line":20,"column":8},"end":{"line":20,"column":null}}},"fnMap":{"0":{"name":"(anonymous_0)","decl":{"start":{"line":3,"column":0},"end":{"line":3,"column":17}},"loc":{"start":{"line":3,"column":26},"end":{"line":46,"column":1}}},"1":{"name":"(anonymous_1)","decl":{"start":{"line":4,"column":4},"end":{"line":4,"column":16}},"loc":{"start":{"line":4,"column":26},"end":{"line":12,"column":5}}},"2":{"name":"(anonymous_2)","decl":{"start":{"line":14,"column":4},"end":{"line":14,"column":16}},"loc":{"start":{"line":14,"column":29},"end":{"line":21,"column":5}}}},"branchMap":{"0":{"loc":{"start":{"line":4,"column":16},"end":{"line":4,"column":26}},"type":"binary-expr","locations":[{"start":{"line":4,"column":16},"end":{"line":4,"column":26}},{"start":{"line":4,"column":16},"end":{"line":4,"column":null}}]},"1":{"loc":{"start":{"line":14,"column":16},"end":{"line":14,"column":29}},"type":"binary-expr","locations":[{"start":{"line":14,"column":16},"end":{"line":14,"column":29}},{"start":{"line":14,"column":16},"end":{"line":14,"column":null}}]},"2":{"loc":{"start":{"line":3,"column":17},"end":{"line":3,"column":26}},"type":"binary-expr","locations":[{"start":{"line":3,"column":17},"end":{"line":3,"column":26}},{"start":{"line":3,"column":17},"end":{"line":3,"column":null}}]}},"s":{"0":1,"1":1,"2":1,"3":1,"4":1,"5":1,"6":1,"7":1,"8":1,"9":1,"10":1,"11":1,"12":1,"13":1,"14":1,"15":1},"f":{"0":1,"1":1,"2":1},"b":{"0":[1,1],"1":[1,1],"2":[1,1]}}
,"/Users/accmi/Desktop/projects/nodejs-homework/app/types/userGroup.ts": {"path":"/Users/accmi/Desktop/projects/nodejs-homework/app/types/userGroup.ts","statementMap":{"0":{"start":{"line":3,"column":0},"end":{"line":3,"column":null}},"1":{"start":{"line":4,"column":4},"end":{"line":4,"column":null}},"2":{"start":{"line":5,"column":8},"end":{"line":5,"column":null}},"3":{"start":{"line":6,"column":8},"end":{"line":6,"column":null}},"4":{"start":{"line":9,"column":4},"end":{"line":9,"column":null}},"5":{"start":{"line":10,"column":8},"end":{"line":10,"column":null}},"6":{"start":{"line":11,"column":8},"end":{"line":11,"column":null}},"7":{"start":{"line":12,"column":8},"end":{"line":12,"column":null}},"8":{"start":{"line":13,"column":8},"end":{"line":13,"column":null}}},"fnMap":{"0":{"name":"(anonymous_0)","decl":{"start":{"line":3,"column":0},"end":{"line":3,"column":17}},"loc":{"start":{"line":3,"column":31},"end":{"line":22,"column":1}}},"1":{"name":"(anonymous_1)","decl":{"start":{"line":4,"column":4},"end":{"line":4,"column":16}},"loc":{"start":{"line":4,"column":31},"end":{"line":7,"column":5}}},"2":{"name":"(anonymous_2)","decl":{"start":{"line":9,"column":4},"end":{"line":9,"column":16}},"loc":{"start":{"line":9,"column":29},"end":{"line":14,"column":5}}}},"branchMap":{"0":{"loc":{"start":{"line":4,"column":16},"end":{"line":4,"column":31}},"type":"binary-expr","locations":[{"start":{"line":4,"column":16},"end":{"line":4,"column":31}},{"start":{"line":4,"column":16},"end":{"line":4,"column":null}}]},"1":{"loc":{"start":{"line":9,"column":16},"end":{"line":9,"column":29}},"type":"binary-expr","locations":[{"start":{"line":9,"column":16},"end":{"line":9,"column":29}},{"start":{"line":9,"column":16},"end":{"line":9,"column":null}}]},"2":{"loc":{"start":{"line":3,"column":17},"end":{"line":3,"column":31}},"type":"binary-expr","locations":[{"start":{"line":3,"column":17},"end":{"line":3,"column":31}},{"start":{"line":3,"column":17},"end":{"line":3,"column":null}}]}},"s":{"0":1,"1":1,"2":1,"3":1,"4":1,"5":1,"6":1,"7":1,"8":1},"f":{"0":1,"1":1,"2":1},"b":{"0":[1,1],"1":[1,1],"2":[1,1]}}
}
