TN:
SF:app/config/database.ts
FNF:0
FNH:0
DA:1,1
DA:3,1
DA:4,1
DA:5,1
DA:6,1
DA:7,1
DA:9,1
LF:7
LH:7
BRDA:3,0,0,1
BRDA:3,0,1,1
BRDA:4,1,0,1
BRDA:4,1,1,1
BRDA:5,2,0,1
BRDA:5,2,1,1
BRDA:6,3,0,1
BRDA:6,3,1,1
BRDA:7,4,0,1
BRDA:7,4,1,1
BRF:10
BRH:10
end_of_record
TN:
SF:app/models/Group.ts
FNF:0
FNH:0
DA:1,1
DA:2,1
DA:3,1
DA:5,1
DA:7,1
DA:9,1
LF:6
LH:6
BRF:0
BRH:0
end_of_record
TN:
SF:app/models/UserGroup.ts
FNF:0
FNH:0
DA:1,1
DA:2,1
DA:3,1
DA:4,1
DA:6,1
DA:8,1
LF:6
LH:6
BRF:0
BRH:0
end_of_record
TN:
SF:app/models/index.ts
FNF:0
FNH:0
DA:1,1
DA:2,1
DA:3,1
LF:3
LH:3
BRF:0
BRH:0
end_of_record
TN:
SF:app/services/Group.ts
FN:9,(anonymous_0)
FN:41,(anonymous_1)
FN:75,(anonymous_2)
FN:98,(anonymous_3)
FN:120,(anonymous_4)
FNF:5
FNH:0
FNDA:0,(anonymous_0)
FNDA:0,(anonymous_1)
FNDA:0,(anonymous_2)
FNDA:0,(anonymous_3)
FNDA:0,(anonymous_4)
DA:1,1
DA:2,1
DA:6,1
DA:9,1
DA:10,0
DA:12,0
DA:13,0
DA:14,0
DA:16,0
DA:17,0
DA:23,0
DA:27,0
DA:34,0
DA:41,1
DA:42,0
DA:43,0
DA:44,0
DA:45,0
DA:50,0
DA:51,0
DA:56,0
DA:62,0
DA:69,0
DA:75,1
DA:76,0
DA:77,0
DA:80,0
DA:81,0
DA:86,0
DA:91,0
DA:98,1
DA:99,0
DA:100,0
DA:101,0
DA:102,0
DA:108,0
DA:113,0
DA:120,1
DA:121,0
DA:122,0
DA:129,0
DA:130,0
DA:136,0
DA:141,0
LF:44
LH:8
BRDA:12,0,0,0
BRDA:12,0,1,0
BRDA:12,1,0,0
BRDA:12,1,1,0
BRDA:16,2,0,0
BRDA:16,2,1,0
BRDA:43,3,0,0
BRDA:43,3,1,0
BRDA:43,4,0,0
BRDA:43,4,1,0
BRDA:43,4,2,0
BRDA:50,5,0,0
BRDA:50,5,1,0
BRDA:80,6,0,0
BRDA:80,6,1,0
BRDA:101,7,0,0
BRDA:101,7,1,0
BRDA:129,8,0,0
BRDA:129,8,1,0
BRF:19
BRH:0
end_of_record
TN:
SF:app/services/User.ts
FN:12,(anonymous_0)
FN:41,(anonymous_1)
FN:80,(anonymous_2)
FN:112,(anonymous_3)
FN:146,(anonymous_4)
FN:170,(anonymous_5)
FN:196,(anonymous_6)
FNF:7
FNH:7
FNDA:3,(anonymous_0)
FNDA:4,(anonymous_1)
FNDA:4,(anonymous_2)
FNDA:4,(anonymous_3)
FNDA:3,(anonymous_4)
FNDA:3,(anonymous_5)
FNDA:3,(anonymous_6)
DA:1,1
DA:2,1
DA:3,1
DA:5,1
DA:8,1
DA:12,1
DA:13,3
DA:15,3
DA:16,2
DA:18,2
DA:19,1
DA:21,1
DA:29,1
DA:35,1
DA:41,1
DA:42,4
DA:44,4
DA:45,3
DA:46,3
DA:53,2
DA:54,1
DA:56,1
DA:62,1
DA:67,1
DA:74,1
DA:80,1
DA:81,4
DA:83,4
DA:84,3
DA:85,3
DA:87,2
DA:88,1
DA:94,1
DA:98,1
DA:105,1
DA:112,1
DA:113,4
DA:114,4
DA:115,3
DA:116,3
DA:121,2
DA:122,1
DA:127,1
DA:133,1
DA:140,1
DA:146,1
DA:147,3
DA:148,3
DA:152,2
DA:153,1
DA:158,1
DA:163,1
DA:170,1
DA:171,3
DA:172,3
DA:177,2
DA:178,1
DA:184,1
DA:189,1
DA:196,1
DA:197,3
DA:198,3
DA:215,2
DA:216,1
DA:222,1
DA:227,1
LF:66
LH:66
BRDA:15,0,0,2
BRDA:15,0,1,1
BRDA:18,1,0,1
BRDA:18,1,1,1
BRDA:44,2,0,3
BRDA:44,2,1,1
BRDA:44,3,0,4
BRDA:44,3,1,3
BRDA:53,4,0,1
BRDA:53,4,1,1
BRDA:83,5,0,3
BRDA:83,5,1,1
BRDA:83,6,0,4
BRDA:83,6,1,3
BRDA:83,6,2,3
BRDA:87,7,0,1
BRDA:87,7,1,1
BRDA:114,8,0,3
BRDA:114,8,1,1
BRDA:114,9,0,4
BRDA:114,9,1,3
BRDA:114,9,2,3
BRDA:114,9,3,3
BRDA:121,10,0,1
BRDA:121,10,1,1
BRDA:152,11,0,1
BRDA:152,11,1,1
BRDA:177,12,0,1
BRDA:177,12,1,1
BRDA:215,13,0,1
BRDA:215,13,1,1
BRF:31
BRH:31
end_of_record
TN:
SF:app/services/UserGroup.ts
FN:10,(anonymous_0)
FN:15,(anonymous_1)
FN:16,(anonymous_2)
FNF:3
FNH:0
FNDA:0,(anonymous_0)
FNDA:0,(anonymous_1)
FNDA:0,(anonymous_2)
DA:1,1
DA:2,1
DA:3,1
DA:7,1
DA:10,1
DA:11,0
DA:13,0
DA:14,0
DA:15,0
DA:16,0
DA:17,0
DA:23,0
DA:28,0
DA:35,0
LF:14
LH:5
BRDA:13,0,0,0
BRDA:13,0,1,0
BRDA:13,1,0,0
BRDA:13,1,1,0
BRF:4
BRH:0
end_of_record
TN:
SF:app/services/index.ts
FNF:0
FNH:0
DA:1,1
DA:2,1
DA:3,1
LF:3
LH:3
BRF:0
BRH:0
end_of_record
TN:
SF:app/types/group.ts
FN:3,(anonymous_0)
FN:4,(anonymous_1)
FN:13,(anonymous_2)
FN:27,(anonymous_3)
FNF:4
FNH:4
FNDA:1,(anonymous_0)
FNDA:1,(anonymous_1)
FNDA:1,(anonymous_2)
FNDA:1,(anonymous_3)
DA:3,1
DA:4,1
DA:5,1
DA:6,1
DA:7,1
DA:8,1
DA:9,1
DA:10,1
DA:13,1
DA:14,1
DA:15,1
DA:16,1
DA:17,1
DA:18,1
DA:27,1
DA:28,1
DA:29,1
DA:30,1
DA:31,1
LF:19
LH:19
BRDA:4,0,0,1
BRDA:4,0,1,1
BRDA:13,1,0,1
BRDA:13,1,1,1
BRDA:27,2,0,1
BRDA:27,2,1,1
BRDA:3,3,0,1
BRDA:3,3,1,1
BRF:8
BRH:8
end_of_record
TN:
SF:app/types/user.ts
FN:3,(anonymous_0)
FN:4,(anonymous_1)
FN:14,(anonymous_2)
FNF:3
FNH:3
FNDA:1,(anonymous_0)
FNDA:1,(anonymous_1)
FNDA:1,(anonymous_2)
DA:3,1
DA:4,1
DA:5,1
DA:6,1
DA:7,1
DA:8,1
DA:9,1
DA:10,1
DA:11,1
DA:14,1
DA:15,1
DA:16,1
DA:17,1
DA:18,1
DA:19,1
DA:20,1
LF:16
LH:16
BRDA:4,0,0,1
BRDA:4,0,1,1
BRDA:14,1,0,1
BRDA:14,1,1,1
BRDA:3,2,0,1
BRDA:3,2,1,1
BRF:6
BRH:6
end_of_record
TN:
SF:app/types/userGroup.ts
FN:3,(anonymous_0)
FN:4,(anonymous_1)
FN:9,(anonymous_2)
FNF:3
FNH:3
FNDA:1,(anonymous_0)
FNDA:1,(anonymous_1)
FNDA:1,(anonymous_2)
DA:3,1
DA:4,1
DA:5,1
DA:6,1
DA:9,1
DA:10,1
DA:11,1
DA:12,1
DA:13,1
LF:9
LH:9
BRDA:4,0,0,1
BRDA:4,0,1,1
BRDA:9,1,0,1
BRDA:9,1,1,1
BRDA:3,2,0,1
BRDA:3,2,1,1
BRF:6
BRH:6
end_of_record
